<?xml version="1.0" encoding="UTF-8"?>
<!-- Generated by org.testng.reporters.JUnitXMLReporter -->
<testsuite hostname="sangeeth-s" ignored="0" name="Default test" tests="7" failures="0" timestamp="2022-07-26T17:35:59 IST" time="38.696" errors="0">
  <testcase name="getCancelButton" time="2.84" classname="testcases.LoginTest"/>
  <testcase name="getResetCheck" time="0.826" classname="testcases.LoginTest"/>
  <testcase name="getloginInvalidCredentials" time="1.664" classname="testcases.LoginTest"/>
  <testcase name="getloginValidCredentials" time="2.527" classname="testcases.LoginTest"/>
  <testcase name="getloginEmptyFields" time="0.621" classname="testcases.LoginTest"/>
  <testcase name="getInvalidLogin" time="1.803" classname="testcases.LoginTest"/>
  <testcase name="getInvalidLogin" time="1.22" classname="testcases.LoginTest"/>
</testsuite> <!-- Default test -->
