<?xml version="1.0" encoding="UTF-8"?>
<!-- Generated by org.testng.reporters.JUnitXMLReporter -->
<testsuite hostname="sangeeth-s" ignored="0" name="Default test" tests="5" failures="0" timestamp="2022-08-03T08:49:39 IST" time="49.282" errors="0">
  <testcase name="deleteWorker" time="4.591" classname="testcases.WorkerTest"/>
  <testcase name="getResetWorker" time="5.462" classname="testcases.WorkerTest"/>
  <testcase name="getSearchWorker" time="5.361" classname="testcases.WorkerTest"/>
  <testcase name="updateWorker" time="6.676" classname="testcases.WorkerTest"/>
  <testcase name="viewWorker" time="3.88" classname="testcases.WorkerTest"/>
</testsuite> <!-- Default test -->
