<?xml version="1.0" encoding="UTF-8"?>
<!-- Generated by org.testng.reporters.JUnitXMLReporter -->
<testsuite hostname="sangeeth-s" ignored="2" name="Test" tests="7" failures="0" timestamp="2022-07-25T13:34:09 IST" time="67.595" errors="0">
  <testcase name="clienttab" time="4.687" classname="testcases.HomeTest"/>
  <testcase name="loginTest1" time="3.546" classname="testcases.HomeTest"/>
  <testcase name="getClientDetails" time="4.875" classname="testcases.ClientTest"/>
  <testcase name="getupdatedClient" time="8.275" classname="testcases.ClientTest"/>
  <testcase name="getupdatedClientDetails" time="7.012" classname="testcases.ClientTest"/>
  <testcase name="getviewclientDetails" time="4.16" classname="testcases.ClientTest"/>
  <testcase name="resetClientDetails" time="4.459" classname="testcases.ClientTest"/>
  <testcase name="@AfterSuite Logout" time="0.0" classname="com.payroll.baseclass.baseclass">
    <ignored/>
  </testcase> <!-- @AfterSuite Logout -->
  <testcase name="@BeforeSuite loadConfig" time="0.0" classname="com.payroll.baseclass.baseclass">
    <ignored/>
  </testcase> <!-- @BeforeSuite loadConfig -->
</testsuite> <!-- Test -->
