<?xml version="1.0" encoding="UTF-8"?>
<!-- Generated by org.testng.reporters.JUnitXMLReporter -->
<testsuite hostname="sangeeth-s" ignored="0" name="Test2" tests="3" failures="0" timestamp="2022-08-01T12:49:41 IST" time="8.38" errors="0">
  <testcase name="@BeforeMethod firstcall" time="8.14" classname="com.payroll.baseclass.baseclass">
    <failure type="org.apache.poi.EmptyFileException" message="The supplied file was empty (zero bytes long)">
      <![CDATA[org.apache.poi.EmptyFileException: The supplied file was empty (zero bytes long)
at org.apache.poi.util.IOUtils.peekFirstNBytes(IOUtils.java:111)
at org.apache.poi.poifs.filesystem.FileMagic.valueOf(FileMagic.java:206)
at org.apache.poi.openxml4j.opc.internal.ZipHelper.verifyZipHeader(ZipHelper.java:143)
at org.apache.poi.openxml4j.opc.internal.ZipHelper.openZipStream(ZipHelper.java:175)
at org.apache.poi.openxml4j.opc.ZipPackage.<init>(ZipPackage.java:104)
at org.apache.poi.openxml4j.opc.OPCPackage.open(OPCPackage.java:307)
at org.apache.poi.ooxml.util.PackageHelper.open(PackageHelper.java:47)
at org.apache.poi.xssf.usermodel.XSSFWorkbook.<init>(XSSFWorkbook.java:309)
at com.payroll.utilities.Excelcode.readStringData(Excelcode.java:21)
at com.payroll.baseclass.baseclass.firstcall(baseclass.java:80)
at java.util.ArrayList.forEach(ArrayList.java:1259)
at java.util.concurrent.FutureTask.run(FutureTask.java:266)
at java.util.concurrent.ThreadPoolExecutor.runWorker(ThreadPoolExecutor.java:1149)
at java.util.concurrent.ThreadPoolExecutor$Worker.run(ThreadPoolExecutor.java:624)
at java.lang.Thread.run(Thread.java:748)
... Removed 22 stack frames]]>
    </failure>
  </testcase> <!-- @BeforeMethod firstcall -->
  <testcase name="@AfterMethod driverClose" time="0.0" classname="com.payroll.baseclass.baseclass">
    <skipped/>
  </testcase> <!-- @AfterMethod driverClose -->
  <testcase name="@BeforeMethod firstcall" time="0.0" classname="com.payroll.baseclass.baseclass">
    <skipped/>
  </testcase> <!-- @BeforeMethod firstcall -->
  <testcase name="@AfterMethod driverClose" time="0.0" classname="com.payroll.baseclass.baseclass">
    <skipped/>
  </testcase> <!-- @AfterMethod driverClose -->
  <testcase name="@BeforeMethod firstcall" time="0.0" classname="com.payroll.baseclass.baseclass">
    <skipped/>
  </testcase> <!-- @BeforeMethod firstcall -->
  <testcase name="@AfterMethod driverClose" time="0.0" classname="com.payroll.baseclass.baseclass">
    <skipped/>
  </testcase> <!-- @AfterMethod driverClose -->
  <testcase name="checkAddDeduction" time="0.0" classname="testcases.DeductionTest">
    <skipped/>
  </testcase> <!-- checkAddDeduction -->
  <testcase name="deductioncheck" time="0.001" classname="testcases.DeductionTest">
    <skipped/>
  </testcase> <!-- deductioncheck -->
  <testcase name="getDeductionUpdate" time="0.0" classname="testcases.DeductionTest">
    <skipped/>
  </testcase> <!-- getDeductionUpdate -->
</testsuite> <!-- Test2 -->
