<?xml version="1.0" encoding="UTF-8"?>
<!-- Generated by org.testng.reporters.JUnitXMLReporter -->
<testsuite hostname="sangeeth-s" ignored="4" name="Test" tests="12" failures="0" timestamp="2022-08-01T12:38:13 IST" time="102.419" errors="0">
  <testcase name="logout" time="3.634" classname="testcases.HomeTest"/>
  <testcase name="getClientTab" time="3.724" classname="testcases.HomeTest"/>
  <testcase name="getClientDetails" time="4.788" classname="testcases.ClientTest"/>
  <testcase name="getupdatedClient" time="6.588" classname="testcases.ClientTest"/>
  <testcase name="getupdatedClientDetails" time="7.409" classname="testcases.ClientTest"/>
  <testcase name="getviewclientDetails" time="3.772" classname="testcases.ClientTest"/>
  <testcase name="resetClientDetails" time="4.089" classname="testcases.ClientTest"/>
  <testcase name="deleteWorker" time="3.958" classname="testcases.WorkerTest"/>
  <testcase name="getResetWorker" time="5.157" classname="testcases.WorkerTest"/>
  <testcase name="getSearchWorker" time="5.095" classname="testcases.WorkerTest"/>
  <testcase name="updateWorker" time="6.336" classname="testcases.WorkerTest"/>
  <testcase name="viewWorker" time="3.863" classname="testcases.WorkerTest"/>
  <testcase name="@BeforeSuite loadConfig" time="0.0" classname="com.payroll.baseclass.baseclass">
    <ignored/>
  </testcase> <!-- @BeforeSuite loadConfig -->
  <testcase name="@AfterSuite Logout" time="0.0" classname="com.payroll.baseclass.baseclass">
    <ignored/>
  </testcase> <!-- @AfterSuite Logout -->
  <testcase name="@BeforeSuite loadConfig" time="0.0" classname="com.payroll.baseclass.baseclass">
    <ignored/>
  </testcase> <!-- @BeforeSuite loadConfig -->
  <testcase name="@AfterSuite Logout" time="0.0" classname="com.payroll.baseclass.baseclass">
    <ignored/>
  </testcase> <!-- @AfterSuite Logout -->
</testsuite> <!-- Test -->
