<?xml version="1.0" encoding="UTF-8"?>
<testng-results skipped="0" failed="0" ignored="0" total="5" passed="5">
  <reporter-output>
  </reporter-output>
  <suite name="Default suite" duration-ms="49282" started-at="2022-08-03T08:48:49 IST" finished-at="2022-08-03T08:49:39 IST">
    <groups>
      <group name="Regression">
        <method signature="WorkerTest.updateWorker()[pri:0, instance:testcases.WorkerTest@7ba18f1b]" name="updateWorker" class="testcases.WorkerTest"/>
      </group> <!-- Regression -->
    </groups>
    <test name="Default test" duration-ms="49282" started-at="2022-08-03T08:48:49 IST" finished-at="2022-08-03T08:49:39 IST">
      <class name="testcases.WorkerTest">
        <test-method status="PASS" signature="loadConfig()[pri:0, instance:testcases.WorkerTest@7ba18f1b]" name="loadConfig" is-config="true" duration-ms="559" started-at="2022-08-03T08:48:49 IST" finished-at="2022-08-03T08:48:49 IST">
          <reporter-output>
          </reporter-output>
        </test-method> <!-- loadConfig -->
        <test-method status="PASS" signature="firstcall()[pri:0, instance:testcases.WorkerTest@7ba18f1b]" name="firstcall" is-config="true" duration-ms="9306" started-at="2022-08-03T08:48:50 IST" finished-at="2022-08-03T08:48:59 IST">
          <reporter-output>
          </reporter-output>
        </test-method> <!-- firstcall -->
        <test-method status="PASS" signature="deleteWorker()[pri:0, instance:testcases.WorkerTest@7ba18f1b]" name="deleteWorker" duration-ms="4591" started-at="2022-08-03T08:48:59 IST" finished-at="2022-08-03T08:49:03 IST">
          <reporter-output>
          </reporter-output>
        </test-method> <!-- deleteWorker -->
        <test-method status="PASS" signature="driverClose()[pri:0, instance:testcases.WorkerTest@7ba18f1b]" name="driverClose" is-config="true" duration-ms="140" started-at="2022-08-03T08:49:03 IST" finished-at="2022-08-03T08:49:04 IST">
          <reporter-output>
          </reporter-output>
        </test-method> <!-- driverClose -->
        <test-method status="PASS" signature="firstcall()[pri:0, instance:testcases.WorkerTest@7ba18f1b]" name="firstcall" is-config="true" duration-ms="3388" started-at="2022-08-03T08:49:04 IST" finished-at="2022-08-03T08:49:07 IST">
          <reporter-output>
          </reporter-output>
        </test-method> <!-- firstcall -->
        <test-method status="PASS" signature="getResetWorker()[pri:0, instance:testcases.WorkerTest@7ba18f1b]" name="getResetWorker" duration-ms="5462" started-at="2022-08-03T08:49:07 IST" finished-at="2022-08-03T08:49:12 IST">
          <reporter-output>
          </reporter-output>
        </test-method> <!-- getResetWorker -->
        <test-method status="PASS" signature="driverClose()[pri:0, instance:testcases.WorkerTest@7ba18f1b]" name="driverClose" is-config="true" duration-ms="94" started-at="2022-08-03T08:49:12 IST" finished-at="2022-08-03T08:49:13 IST">
          <reporter-output>
          </reporter-output>
        </test-method> <!-- driverClose -->
        <test-method status="PASS" signature="firstcall()[pri:0, instance:testcases.WorkerTest@7ba18f1b]" name="firstcall" is-config="true" duration-ms="3282" started-at="2022-08-03T08:49:13 IST" finished-at="2022-08-03T08:49:16 IST">
          <reporter-output>
          </reporter-output>
        </test-method> <!-- firstcall -->
        <test-method status="PASS" signature="getSearchWorker()[pri:0, instance:testcases.WorkerTest@7ba18f1b]" name="getSearchWorker" duration-ms="5361" started-at="2022-08-03T08:49:16 IST" finished-at="2022-08-03T08:49:21 IST">
          <reporter-output>
          </reporter-output>
        </test-method> <!-- getSearchWorker -->
        <test-method status="PASS" signature="driverClose()[pri:0, instance:testcases.WorkerTest@7ba18f1b]" name="driverClose" is-config="true" duration-ms="87" started-at="2022-08-03T08:49:21 IST" finished-at="2022-08-03T08:49:21 IST">
          <reporter-output>
          </reporter-output>
        </test-method> <!-- driverClose -->
        <test-method status="PASS" signature="firstcall()[pri:0, instance:testcases.WorkerTest@7ba18f1b]" name="firstcall" is-config="true" duration-ms="3234" started-at="2022-08-03T08:49:21 IST" finished-at="2022-08-03T08:49:24 IST">
          <reporter-output>
          </reporter-output>
        </test-method> <!-- firstcall -->
        <test-method status="PASS" signature="updateWorker()[pri:0, instance:testcases.WorkerTest@7ba18f1b]" name="updateWorker" duration-ms="6676" started-at="2022-08-03T08:49:24 IST" finished-at="2022-08-03T08:49:31 IST">
          <reporter-output>
          </reporter-output>
        </test-method> <!-- updateWorker -->
        <test-method status="PASS" signature="driverClose()[pri:0, instance:testcases.WorkerTest@7ba18f1b]" name="driverClose" is-config="true" duration-ms="92" started-at="2022-08-03T08:49:31 IST" finished-at="2022-08-03T08:49:31 IST">
          <reporter-output>
          </reporter-output>
        </test-method> <!-- driverClose -->
        <test-method status="PASS" signature="firstcall()[pri:0, instance:testcases.WorkerTest@7ba18f1b]" name="firstcall" is-config="true" duration-ms="3518" started-at="2022-08-03T08:49:31 IST" finished-at="2022-08-03T08:49:35 IST">
          <reporter-output>
          </reporter-output>
        </test-method> <!-- firstcall -->
        <test-method status="PASS" signature="viewWorker()[pri:0, instance:testcases.WorkerTest@7ba18f1b]" name="viewWorker" duration-ms="3880" started-at="2022-08-03T08:49:35 IST" finished-at="2022-08-03T08:49:39 IST">
          <reporter-output>
          </reporter-output>
        </test-method> <!-- viewWorker -->
        <test-method status="PASS" signature="driverClose()[pri:0, instance:testcases.WorkerTest@7ba18f1b]" name="driverClose" is-config="true" duration-ms="87" started-at="2022-08-03T08:49:39 IST" finished-at="2022-08-03T08:49:39 IST">
          <reporter-output>
          </reporter-output>
        </test-method> <!-- driverClose -->
        <test-method status="PASS" signature="Logout()[pri:0, instance:testcases.WorkerTest@7ba18f1b]" name="Logout" is-config="true" duration-ms="5" started-at="2022-08-03T08:49:39 IST" finished-at="2022-08-03T08:49:39 IST">
          <reporter-output>
          </reporter-output>
        </test-method> <!-- Logout -->
      </class> <!-- testcases.WorkerTest -->
    </test> <!-- Default test -->
  </suite> <!-- Default suite -->
</testng-results>
